ERROR - 2022-07-26 19:00:50 --> Table 'produtos' already exists
CRITICAL - 2022-07-26 20:23:27 --> Namespace declaration statement has to be the very first statement or after any declare call in the script
in APPPATH\Database\Seeds\Produtos.php on line 3.
 1 [internal function]: CodeIgniter\Debug\Exceptions->shutdownHandler()
CRITICAL - 2022-07-26 20:28:58 --> Namespace declaration statement has to be the very first statement or after any declare call in the script
in APPPATH\Database\Seeds\Produto.php on line 4.
 1 [internal function]: CodeIgniter\Debug\Exceptions->shutdownHandler()
CRITICAL - 2022-07-26 20:32:51 --> Namespace declaration statement has to be the very first statement or after any declare call in the script
in APPPATH\Database\Seeds\Produto.php on line 4.
 1 [internal function]: CodeIgniter\Debug\Exceptions->shutdownHandler()
ERROR - 2022-07-26 20:35:41 --> You have an error in your SQL syntax; check the manual that corresponds to your MySQL server version for the right syntax to use near '0, 1) VALUES (:0:, :1:)' at line 1
ERROR - 2022-07-26 20:43:17 --> You have an error in your SQL syntax; check the manual that corresponds to your MySQL server version for the right syntax to use near '0, 1) VALUES (:0:, :1:)' at line 1
CRITICAL - 2022-07-26 21:25:31 --> Call to undefined method App\Controllers\Produtos::asArray()
in APPPATH\Controllers\Produtos.php on line 22.
 1 SYSTEMPATH\CodeIgniter.php(896): App\Controllers\Produtos->getProduto('1')
 2 SYSTEMPATH\CodeIgniter.php(466): CodeIgniter\CodeIgniter->runController(Object(App\Controllers\Produtos))
 3 SYSTEMPATH\CodeIgniter.php(349): CodeIgniter\CodeIgniter->handleRequest(null, Object(Config\Cache), false)
 4 FCPATH\index.php(55): CodeIgniter\CodeIgniter->run()
 5 SYSTEMPATH\Commands\Server\rewrite.php(43): require_once('FCPATH\\index.php')
CRITICAL - 2022-07-26 21:26:03 --> Call to undefined method App\Controllers\Produtos::asArray()
in APPPATH\Controllers\Produtos.php on line 22.
 1 SYSTEMPATH\CodeIgniter.php(896): App\Controllers\Produtos->getProduto('10')
 2 SYSTEMPATH\CodeIgniter.php(466): CodeIgniter\CodeIgniter->runController(Object(App\Controllers\Produtos))
 3 SYSTEMPATH\CodeIgniter.php(349): CodeIgniter\CodeIgniter->handleRequest(null, Object(Config\Cache), false)
 4 FCPATH\index.php(55): CodeIgniter\CodeIgniter->run()
 5 SYSTEMPATH\Commands\Server\rewrite.php(43): require_once('FCPATH\\index.php')
CRITICAL - 2022-07-26 21:26:05 --> Call to undefined method App\Controllers\Produtos::asArray()
in APPPATH\Controllers\Produtos.php on line 22.
 1 SYSTEMPATH\CodeIgniter.php(896): App\Controllers\Produtos->getProduto('10')
 2 SYSTEMPATH\CodeIgniter.php(466): CodeIgniter\CodeIgniter->runController(Object(App\Controllers\Produtos))
 3 SYSTEMPATH\CodeIgniter.php(349): CodeIgniter\CodeIgniter->handleRequest(null, Object(Config\Cache), false)
 4 FCPATH\index.php(55): CodeIgniter\CodeIgniter->run()
 5 SYSTEMPATH\Commands\Server\rewrite.php(43): require_once('FCPATH\\index.php')
