CRITICAL - 2022-08-31 12:10:08 --> Declaration of App\Controllers\Produtos::delete($id) should be compatible with CodeIgniter\RESTful\ResourceController::delete($id = NULL)
in APPPATH\Controllers\Produtos.php on line 44.
 1 APPPATH\Controllers\Produtos.php(7): CodeIgniter\Debug\Exceptions->errorHandler(2, 'Declaration of App\\Controllers\\Produtos::delete($id) should be compatible with CodeIgniter\\RESTful\\ResourceController::delete($id = NULL)', 'APPPATH\\Controllers\\Produtos.php', 44, [...])
 2 SYSTEMPATH\Autoloader\Autoloader.php(284): include_once('APPPATH\\Controllers\\Produtos.php')
 3 SYSTEMPATH\Autoloader\Autoloader.php(261): CodeIgniter\Autoloader\Autoloader->includeFile('APPPATH\\Controllers\\Produtos.php')
 4 SYSTEMPATH\Autoloader\Autoloader.php(239): CodeIgniter\Autoloader\Autoloader->loadInNamespace('App\\Controllers\\Produtos')
 5 [internal function]: CodeIgniter\Autoloader\Autoloader->loadClass('App\\Controllers\\Produtos')
 6 [internal function]: spl_autoload_call('App\\Controllers\\Produtos')
 7 SYSTEMPATH\CodeIgniter.php(846): class_exists('\\App\\Controllers\\Produtos', true)
 8 SYSTEMPATH\CodeIgniter.php(453): CodeIgniter\CodeIgniter->startController()
 9 SYSTEMPATH\CodeIgniter.php(349): CodeIgniter\CodeIgniter->handleRequest(null, Object(Config\Cache), false)
10 FCPATH\index.php(55): CodeIgniter\CodeIgniter->run()
11 SYSTEMPATH\Commands\Server\rewrite.php(43): require_once('FCPATH\\index.php')
CRITICAL - 2022-08-31 12:10:19 --> Declaration of App\Controllers\Produtos::delete($id) should be compatible with CodeIgniter\RESTful\ResourceController::delete($id = NULL)
in APPPATH\Controllers\Produtos.php on line 44.
 1 APPPATH\Controllers\Produtos.php(7): CodeIgniter\Debug\Exceptions->errorHandler(2, 'Declaration of App\\Controllers\\Produtos::delete($id) should be compatible with CodeIgniter\\RESTful\\ResourceController::delete($id = NULL)', 'APPPATH\\Controllers\\Produtos.php', 44, [...])
 2 SYSTEMPATH\Autoloader\Autoloader.php(284): include_once('APPPATH\\Controllers\\Produtos.php')
 3 SYSTEMPATH\Autoloader\Autoloader.php(261): CodeIgniter\Autoloader\Autoloader->includeFile('APPPATH\\Controllers\\Produtos.php')
 4 SYSTEMPATH\Autoloader\Autoloader.php(239): CodeIgniter\Autoloader\Autoloader->loadInNamespace('App\\Controllers\\Produtos')
 5 [internal function]: CodeIgniter\Autoloader\Autoloader->loadClass('App\\Controllers\\Produtos')
 6 [internal function]: spl_autoload_call('App\\Controllers\\Produtos')
 7 SYSTEMPATH\CodeIgniter.php(846): class_exists('\\App\\Controllers\\Produtos', true)
 8 SYSTEMPATH\CodeIgniter.php(453): CodeIgniter\CodeIgniter->startController()
 9 SYSTEMPATH\CodeIgniter.php(349): CodeIgniter\CodeIgniter->handleRequest(null, Object(Config\Cache), false)
10 FCPATH\index.php(55): CodeIgniter\CodeIgniter->run()
11 SYSTEMPATH\Commands\Server\rewrite.php(43): require_once('FCPATH\\index.php')
CRITICAL - 2022-08-31 12:10:35 --> Declaration of App\Controllers\Produtos::delete($id) should be compatible with CodeIgniter\RESTful\ResourceController::delete($id = NULL)
in APPPATH\Controllers\Produtos.php on line 44.
 1 APPPATH\Controllers\Produtos.php(7): CodeIgniter\Debug\Exceptions->errorHandler(2, 'Declaration of App\\Controllers\\Produtos::delete($id) should be compatible with CodeIgniter\\RESTful\\ResourceController::delete($id = NULL)', 'APPPATH\\Controllers\\Produtos.php', 44, [...])
 2 SYSTEMPATH\Autoloader\Autoloader.php(284): include_once('APPPATH\\Controllers\\Produtos.php')
 3 SYSTEMPATH\Autoloader\Autoloader.php(261): CodeIgniter\Autoloader\Autoloader->includeFile('APPPATH\\Controllers\\Produtos.php')
 4 SYSTEMPATH\Autoloader\Autoloader.php(239): CodeIgniter\Autoloader\Autoloader->loadInNamespace('App\\Controllers\\Produtos')
 5 [internal function]: CodeIgniter\Autoloader\Autoloader->loadClass('App\\Controllers\\Produtos')
 6 [internal function]: spl_autoload_call('App\\Controllers\\Produtos')
 7 SYSTEMPATH\CodeIgniter.php(846): class_exists('\\App\\Controllers\\Produtos', true)
 8 SYSTEMPATH\CodeIgniter.php(453): CodeIgniter\CodeIgniter->startController()
 9 SYSTEMPATH\CodeIgniter.php(349): CodeIgniter\CodeIgniter->handleRequest(null, Object(Config\Cache), false)
10 FCPATH\index.php(55): CodeIgniter\CodeIgniter->run()
11 SYSTEMPATH\Commands\Server\rewrite.php(43): require_once('FCPATH\\index.php')
CRITICAL - 2022-08-31 12:10:42 --> Declaration of App\Controllers\Produtos::delete($id) should be compatible with CodeIgniter\RESTful\ResourceController::delete($id = NULL)
in APPPATH\Controllers\Produtos.php on line 44.
 1 APPPATH\Controllers\Produtos.php(7): CodeIgniter\Debug\Exceptions->errorHandler(2, 'Declaration of App\\Controllers\\Produtos::delete($id) should be compatible with CodeIgniter\\RESTful\\ResourceController::delete($id = NULL)', 'APPPATH\\Controllers\\Produtos.php', 44, [...])
 2 SYSTEMPATH\Autoloader\Autoloader.php(284): include_once('APPPATH\\Controllers\\Produtos.php')
 3 SYSTEMPATH\Autoloader\Autoloader.php(261): CodeIgniter\Autoloader\Autoloader->includeFile('APPPATH\\Controllers\\Produtos.php')
 4 SYSTEMPATH\Autoloader\Autoloader.php(239): CodeIgniter\Autoloader\Autoloader->loadInNamespace('App\\Controllers\\Produtos')
 5 [internal function]: CodeIgniter\Autoloader\Autoloader->loadClass('App\\Controllers\\Produtos')
 6 [internal function]: spl_autoload_call('App\\Controllers\\Produtos')
 7 SYSTEMPATH\CodeIgniter.php(846): class_exists('\\App\\Controllers\\Produtos', true)
 8 SYSTEMPATH\CodeIgniter.php(453): CodeIgniter\CodeIgniter->startController()
 9 SYSTEMPATH\CodeIgniter.php(349): CodeIgniter\CodeIgniter->handleRequest(null, Object(Config\Cache), false)
10 FCPATH\index.php(55): CodeIgniter\CodeIgniter->run()
11 SYSTEMPATH\Commands\Server\rewrite.php(43): require_once('FCPATH\\index.php')
CRITICAL - 2022-08-31 12:11:01 --> Declaration of App\Controllers\Produtos::delete($id) should be compatible with CodeIgniter\RESTful\ResourceController::delete($id = NULL)
in APPPATH\Controllers\Produtos.php on line 44.
 1 APPPATH\Controllers\Produtos.php(7): CodeIgniter\Debug\Exceptions->errorHandler(2, 'Declaration of App\\Controllers\\Produtos::delete($id) should be compatible with CodeIgniter\\RESTful\\ResourceController::delete($id = NULL)', 'APPPATH\\Controllers\\Produtos.php', 44, [...])
 2 SYSTEMPATH\Autoloader\Autoloader.php(284): include_once('APPPATH\\Controllers\\Produtos.php')
 3 SYSTEMPATH\Autoloader\Autoloader.php(261): CodeIgniter\Autoloader\Autoloader->includeFile('APPPATH\\Controllers\\Produtos.php')
 4 SYSTEMPATH\Autoloader\Autoloader.php(239): CodeIgniter\Autoloader\Autoloader->loadInNamespace('App\\Controllers\\Produtos')
 5 [internal function]: CodeIgniter\Autoloader\Autoloader->loadClass('App\\Controllers\\Produtos')
 6 [internal function]: spl_autoload_call('App\\Controllers\\Produtos')
 7 SYSTEMPATH\CodeIgniter.php(846): class_exists('\\App\\Controllers\\Produtos', true)
 8 SYSTEMPATH\CodeIgniter.php(453): CodeIgniter\CodeIgniter->startController()
 9 SYSTEMPATH\CodeIgniter.php(349): CodeIgniter\CodeIgniter->handleRequest(null, Object(Config\Cache), false)
10 FCPATH\index.php(55): CodeIgniter\CodeIgniter->run()
11 SYSTEMPATH\Commands\Server\rewrite.php(43): require_once('FCPATH\\index.php')
CRITICAL - 2022-08-31 12:11:04 --> Declaration of App\Controllers\Produtos::delete($id) should be compatible with CodeIgniter\RESTful\ResourceController::delete($id = NULL)
in APPPATH\Controllers\Produtos.php on line 44.
 1 APPPATH\Controllers\Produtos.php(7): CodeIgniter\Debug\Exceptions->errorHandler(2, 'Declaration of App\\Controllers\\Produtos::delete($id) should be compatible with CodeIgniter\\RESTful\\ResourceController::delete($id = NULL)', 'APPPATH\\Controllers\\Produtos.php', 44, [...])
 2 SYSTEMPATH\Autoloader\Autoloader.php(284): include_once('APPPATH\\Controllers\\Produtos.php')
 3 SYSTEMPATH\Autoloader\Autoloader.php(261): CodeIgniter\Autoloader\Autoloader->includeFile('APPPATH\\Controllers\\Produtos.php')
 4 SYSTEMPATH\Autoloader\Autoloader.php(239): CodeIgniter\Autoloader\Autoloader->loadInNamespace('App\\Controllers\\Produtos')
 5 [internal function]: CodeIgniter\Autoloader\Autoloader->loadClass('App\\Controllers\\Produtos')
 6 [internal function]: spl_autoload_call('App\\Controllers\\Produtos')
 7 SYSTEMPATH\CodeIgniter.php(846): class_exists('\\App\\Controllers\\Produtos', true)
 8 SYSTEMPATH\CodeIgniter.php(453): CodeIgniter\CodeIgniter->startController()
 9 SYSTEMPATH\CodeIgniter.php(349): CodeIgniter\CodeIgniter->handleRequest(null, Object(Config\Cache), false)
10 FCPATH\index.php(55): CodeIgniter\CodeIgniter->run()
11 SYSTEMPATH\Commands\Server\rewrite.php(43): require_once('FCPATH\\index.php')
